<?xml version="1.0" encoding="UTF-8"?>
<testsuites name="Login_Data_StagingProfile" time="8.057" tests="1" failures="0" errors="0">
   <testsuite name="Login_Data_StagingProfile" tests="1" failures="0" errors="0" time="8.057" skipped="0" timestamp="25-05-2024T12:10:38" hostname="WINDOWS11 - Mohan" id="Test Suites/Login_Data_StagingProfile">
      <properties>
         <property name="deviceName" value=""/>
         <property name="devicePlatform" value=""/>
         <property name="logFolder" value="C:\\Users\\WINDOWS11\\git\\katalonpracticecode\\Reports\\20240525_121018\\Login_Data_StagingProfile\\20240525_121021"/>
         <property name="logFiles" value="C:\\Users\\WINDOWS11\\git\\katalonpracticecode\\Reports\\20240525_121018\\Login_Data_StagingProfile\\20240525_121021\\execution0.log"/>
         <property name="attachments" value=""/>
         <property name="hostName" value="WINDOWS11 - Mohan"/>
         <property name="os" value="Windows 11 64bit"/>
         <property name="katalonVersion" value="9.4.0.212"/>
         <property name="browser" value="Chrome 125.0.0.0"/>
         <property name="hostAddress" value="192.168.1.3"/>
         <property name="sessionId" value="0a4c42d217873d30f07bdc2b01afaa84"/>
         <property name="seleniumVersion" value="3.141.59"/>
         <property name="proxyInformation" value="ProxyInformation { proxyOption=NO_PROXY, proxyServerType=HTTP, username=, password=********, proxyServerAddress=, proxyServerPort=0, executionList=&quot;&quot;, isApplyToDesiredCapabilities=true }"/>
         <property name="platform" value="Windows 11"/>
      </properties>
      <testcase name="Test Cases/Login1_Data" time="7.824" classname="Test Cases/Login1_Data" status="PASSED">
         <system-out><![CDATA[25-05-2024T12:10:39 - [TEST_CASE][PASSED] - Test Cases/Login1_Data: Test Cases/Login1_Data

25-05-2024T12:10:39 - [TEST_STEP][PASSED] - openBrowser(""): Browser is opened with url: ''

25-05-2024T12:10:39 - [MESSAGE][INFO] - Starting 'Chrome' driver

25-05-2024T12:10:39 - [MESSAGE][INFO] - Action delay is set to 0 milliseconds

25-05-2024T12:10:41 - [MESSAGE][PASSED] - Browser is opened with url: ''

25-05-2024T12:10:41 - [TEST_STEP][PASSED] - navigateToUrl("https://petstore.octoperf.com/actions/Catalog.action"): Navigate to 'https://petstore.octoperf.com/actions/Catalog.action' successfully

25-05-2024T12:10:43 - [MESSAGE][PASSED] - Navigate to 'https://petstore.octoperf.com/actions/Catalog.action' successfully

25-05-2024T12:10:43 - [TEST_STEP][PASSED] - click(findTestObject("Object Repository/Login_Data/Page_JPetStore Demo/a_Sign In_1")): Object: 'Object Repository/Login_Data/Page_JPetStore Demo/a_Sign In_1' is clicked on

25-05-2024T12:10:43 - [MESSAGE][PASSED] - Object: 'Object Repository/Login_Data/Page_JPetStore Demo/a_Sign In_1' is clicked on

25-05-2024T12:10:43 - [TEST_STEP][PASSED] - setText(findTestObject("Object Repository/Login_Data/Page_JPetStore Demo/input_Need a user name and password_username_1"), "mohan1"): Text 'mohan1' is set on object 'Object Repository/Login_Data/Page_JPetStore Demo/input_Need a user name and password_username_1'

25-05-2024T12:10:44 - [MESSAGE][PASSED] - Text 'mohan1' is set on object 'Object Repository/Login_Data/Page_JPetStore Demo/input_Need a user name and password_username_1'

25-05-2024T12:10:44 - [TEST_STEP][PASSED] - setText(findTestObject("Object Repository/Login_Data/Page_JPetStore Demo/input_Need a user name and password_password"), "mohan1"): Text 'mohan1' is set on object 'Object Repository/Login_Data/Page_JPetStore Demo/input_Need a user name and password_password'

25-05-2024T12:10:45 - [MESSAGE][PASSED] - Text 'mohan1' is set on object 'Object Repository/Login_Data/Page_JPetStore Demo/input_Need a user name and password_password'

25-05-2024T12:10:45 - [TEST_STEP][PASSED] - click(findTestObject("Object Repository/Login_Data/Page_JPetStore Demo/input_Need a user name and password_signon")): Object: 'Object Repository/Login_Data/Page_JPetStore Demo/input_Need a user name and password_signon' is clicked on

25-05-2024T12:10:45 - [MESSAGE][PASSED] - Object: 'Object Repository/Login_Data/Page_JPetStore Demo/input_Need a user name and password_signon' is clicked on

25-05-2024T12:10:45 - [TEST_STEP][PASSED] - click(findTestObject("Object Repository/Login_Data/Page_JPetStore Demo/a_Sign Out")): Object: 'Object Repository/Login_Data/Page_JPetStore Demo/a_Sign Out' is clicked on

25-05-2024T12:10:46 - [MESSAGE][PASSED] - Object: 'Object Repository/Login_Data/Page_JPetStore Demo/a_Sign Out' is clicked on

25-05-2024T12:10:46 - [TEST_STEP][PASSED] - closeBrowser(): Browser is closed

25-05-2024T12:10:46 - [MESSAGE][PASSED] - Browser is closed]]></system-out>
         <system-err><![CDATA[]]></system-err>
      </testcase>
      <system-out><![CDATA[25-05-2024T12:10:38 - [TEST_SUITE][PASSED] - Login_Data_StagingProfile: Test Cases/Login1_Data]]></system-out>
      <system-err><![CDATA[]]></system-err>
   </testsuite>
</testsuites>
