<?xml version="1.0" encoding="UTF-8"?>
<testsuites name="TS_Swag_Login" time="8.631" tests="1" failures="0" errors="0">
   <testsuite name="TS_Swag_Login" tests="1" failures="0" errors="0" time="8.631" skipped="0" timestamp="19-05-2024T10:30:38" hostname="WINDOWS11 - Mohan" id="Test Suites/TS_Swag_Login">
      <properties>
         <property name="deviceName" value=""/>
         <property name="devicePlatform" value=""/>
         <property name="logFolder" value="C:\\Users\\WINDOWS11\\git\\katalonpracticecode\\Reports\\20240519_103033\\TS_Swag_Login\\20240519_103033"/>
         <property name="logFiles" value="C:\\Users\\WINDOWS11\\git\\katalonpracticecode\\Reports\\20240519_103033\\TS_Swag_Login\\20240519_103033\\execution0.log"/>
         <property name="attachments" value=""/>
         <property name="hostName" value="WINDOWS11 - Mohan"/>
         <property name="os" value="Windows 11 64bit"/>
         <property name="katalonVersion" value="9.4.0.212"/>
         <property name="browser" value="Chrome 124.0.0.0"/>
         <property name="hostAddress" value="192.168.0.100"/>
         <property name="sessionId" value="f5d7d224aeca20e35016c09bd8ecd62c"/>
         <property name="seleniumVersion" value="3.141.59"/>
         <property name="proxyInformation" value="ProxyInformation { proxyOption=NO_PROXY, proxyServerType=HTTP, username=, password=********, proxyServerAddress=, proxyServerPort=0, executionList=&quot;&quot;, isApplyToDesiredCapabilities=true }"/>
         <property name="platform" value="Windows 11"/>
      </properties>
      <testcase name="Test Cases/SwagLabs_Login" time="8.402" classname="Test Cases/SwagLabs_Login" status="PASSED">
         <system-out><![CDATA[19-05-2024T10:30:38 - [TEST_CASE][PASSED] - Test Cases/SwagLabs_Login: Test Cases/SwagLabs_Login

19-05-2024T10:30:38 - [TEST_STEP][PASSED] - openBrowser(""): Browser is opened with url: ''

19-05-2024T10:30:39 - [MESSAGE][INFO] - Starting 'Chrome' driver

19-05-2024T10:30:39 - [MESSAGE][INFO] - Action delay is set to 0 milliseconds

19-05-2024T10:30:40 - [MESSAGE][PASSED] - Browser is opened with url: ''

19-05-2024T10:30:40 - [TEST_STEP][PASSED] - navigateToUrl("https://www.saucedemo.com/v1/index.html"): Navigate to 'https://www.saucedemo.com/v1/index.html' successfully

19-05-2024T10:30:41 - [MESSAGE][PASSED] - Navigate to 'https://www.saucedemo.com/v1/index.html' successfully

19-05-2024T10:30:41 - [TEST_STEP][PASSED] - setText(findTestObject("Object Repository/Swag_Login/Page_Swag Labs/input_standard_userlocked_out_userproblem_u_db77ac"), "standard_user"): Text 'standard_user' is set on object 'Object Repository/Swag_Login/Page_Swag Labs/input_standard_userlocked_out_userproblem_u_db77ac'

19-05-2024T10:30:42 - [MESSAGE][PASSED] - Text 'standard_user' is set on object 'Object Repository/Swag_Login/Page_Swag Labs/input_standard_userlocked_out_userproblem_u_db77ac'

19-05-2024T10:30:42 - [TEST_STEP][PASSED] - setEncryptedText(findTestObject("Object Repository/Swag_Login/Page_Swag Labs/input_standard_userlocked_out_userproblem_u_3423e9"), "qcu24s4901FyWDTwXGr6XA=="): Text ****** has been set on object 'Object Repository/Swag_Login/Page_Swag Labs/input_standard_userlocked_out_userproblem_u_3423e9'

19-05-2024T10:30:42 - [MESSAGE][PASSED] - Text ****** has been set on object 'Object Repository/Swag_Login/Page_Swag Labs/input_standard_userlocked_out_userproblem_u_3423e9'

19-05-2024T10:30:42 - [TEST_STEP][PASSED] - click(findTestObject("Object Repository/Swag_Login/Page_Swag Labs/input_standard_userlocked_out_userproblem_u_0dff71")): Object: 'Object Repository/Swag_Login/Page_Swag Labs/input_standard_userlocked_out_userproblem_u_0dff71' is clicked on

19-05-2024T10:30:45 - [MESSAGE][PASSED] - Object: 'Object Repository/Swag_Login/Page_Swag Labs/input_standard_userlocked_out_userproblem_u_0dff71' is clicked on

19-05-2024T10:30:45 - [TEST_STEP][PASSED] - click(findTestObject("Object Repository/Swag_Login/Page_Swag Labs/button_Open Menu")): Object: 'Object Repository/Swag_Login/Page_Swag Labs/button_Open Menu' is clicked on

19-05-2024T10:30:46 - [MESSAGE][PASSED] - Object: 'Object Repository/Swag_Login/Page_Swag Labs/button_Open Menu' is clicked on

19-05-2024T10:30:46 - [TEST_STEP][PASSED] - click(findTestObject("Object Repository/Swag_Login/Page_Swag Labs/a_Logout")): Object: 'Object Repository/Swag_Login/Page_Swag Labs/a_Logout' is clicked on

19-05-2024T10:30:46 - [MESSAGE][PASSED] - Object: 'Object Repository/Swag_Login/Page_Swag Labs/a_Logout' is clicked on

19-05-2024T10:30:46 - [TEST_STEP][PASSED] - closeBrowser(): Browser is closed

19-05-2024T10:30:46 - [MESSAGE][PASSED] - Browser is closed]]></system-out>
         <system-err><![CDATA[]]></system-err>
      </testcase>
      <system-out><![CDATA[19-05-2024T10:30:38 - [TEST_SUITE][PASSED] - TS_Swag_Login: Test Cases/SwagLabs_Login]]></system-out>
      <system-err><![CDATA[]]></system-err>
   </testsuite>
</testsuites>
