<?xml version="1.0" encoding="UTF-8"?>
<testsuites name="TS_PetStoreLogin" time="27.241" tests="3" failures="0" errors="0">
   <testsuite name="TS_PetStoreLogin" tests="3" failures="0" errors="0" time="27.241" skipped="0" timestamp="19-05-2024T11:59:07" hostname="WINDOWS11 - Mohan" id="Test Suites/TS_PetStoreLogin">
      <properties>
         <property name="deviceName" value=""/>
         <property name="devicePlatform" value=""/>
         <property name="logFolder" value="C:\\Users\\WINDOWS11\\git\\katalonpracticecode\\Reports\\20240519_115903\\TS_PetStoreLogin\\20240519_115903"/>
         <property name="logFiles" value="C:\\Users\\WINDOWS11\\git\\katalonpracticecode\\Reports\\20240519_115903\\TS_PetStoreLogin\\20240519_115903\\execution0.log"/>
         <property name="attachments" value=""/>
         <property name="hostName" value="WINDOWS11 - Mohan"/>
         <property name="os" value="Windows 11 64bit"/>
         <property name="katalonVersion" value="9.4.0.212"/>
         <property name="browser" value="Chrome 124.0.0.0"/>
         <property name="hostAddress" value="192.168.0.100"/>
         <property name="sessionId" value="2da40b4b3b0270d79fb18af3f43bdbce"/>
         <property name="seleniumVersion" value="3.141.59"/>
         <property name="proxyInformation" value="ProxyInformation { proxyOption=NO_PROXY, proxyServerType=HTTP, username=, password=********, proxyServerAddress=, proxyServerPort=0, executionList=&quot;&quot;, isApplyToDesiredCapabilities=true }"/>
         <property name="platform" value="Windows 11"/>
      </properties>
      <testcase name="Test Cases/PetStore_Login" time="10.209" classname="Test Cases/PetStore_Login" status="PASSED">
         <system-out><![CDATA[19-05-2024T11:59:08 - [TEST_CASE][PASSED] - Test Cases/PetStore_Login: Test Cases/PetStore_Login

19-05-2024T11:59:08 - [TEST_STEP][PASSED] - openBrowser(""): Browser is opened with url: ''

19-05-2024T11:59:08 - [MESSAGE][INFO] - Starting 'Chrome' driver

19-05-2024T11:59:08 - [MESSAGE][INFO] - Action delay is set to 0 milliseconds

19-05-2024T11:59:10 - [MESSAGE][PASSED] - Browser is opened with url: ''

19-05-2024T11:59:10 - [TEST_STEP][PASSED] - navigateToUrl("https://petstore.octoperf.com/"): Navigate to 'https://petstore.octoperf.com/' successfully

19-05-2024T11:59:11 - [MESSAGE][PASSED] - Navigate to 'https://petstore.octoperf.com/' successfully

19-05-2024T11:59:11 - [TEST_STEP][PASSED] - verifyElementText(findTestObject("Object Repository/Page_JPetStore Demo/h2_Welcome to JPetStore 6"), "Welcome to JPetStore 6"): Actual text and expected text of test object 'Object Repository/Page_JPetStore Demo/h2_Welcome to JPetStore 6' are matched.

19-05-2024T11:59:11 - [MESSAGE][PASSED] - Actual text and expected text of test object 'Object Repository/Page_JPetStore Demo/h2_Welcome to JPetStore 6' are matched.

19-05-2024T11:59:11 - [TEST_STEP][PASSED] - verifyElementPresent(findTestObject("Object Repository/PetStore_Login/Page_JPetStore Demo/a_Enter the Store"), 0): Object 'Object Repository/PetStore_Login/Page_JPetStore Demo/a_Enter the Store' is present

19-05-2024T11:59:11 - [MESSAGE][WARNING] - Timeout '0' is invalid. Using default page load timeout: '30'

19-05-2024T11:59:11 - [MESSAGE][PASSED] - Object 'Object Repository/PetStore_Login/Page_JPetStore Demo/a_Enter the Store' is present

19-05-2024T11:59:11 - [TEST_STEP][PASSED] - click(findTestObject("Object Repository/PetStore_Login/Page_JPetStore Demo/a_Enter the Store")): Object: 'Object Repository/PetStore_Login/Page_JPetStore Demo/a_Enter the Store' is clicked on

19-05-2024T11:59:12 - [MESSAGE][PASSED] - Object: 'Object Repository/PetStore_Login/Page_JPetStore Demo/a_Enter the Store' is clicked on

19-05-2024T11:59:12 - [TEST_STEP][PASSED] - verifyElementPresent(findTestObject("Object Repository/PetStore_Login/Page_JPetStore Demo/a_Sign In"), 0): Object 'Object Repository/PetStore_Login/Page_JPetStore Demo/a_Sign In' is present

19-05-2024T11:59:13 - [MESSAGE][WARNING] - Timeout '0' is invalid. Using default page load timeout: '30'

19-05-2024T11:59:13 - [MESSAGE][PASSED] - Object 'Object Repository/PetStore_Login/Page_JPetStore Demo/a_Sign In' is present

19-05-2024T11:59:13 - [TEST_STEP][PASSED] - click(findTestObject("Object Repository/PetStore_Login/Page_JPetStore Demo/a_Sign In")): Object: 'Object Repository/PetStore_Login/Page_JPetStore Demo/a_Sign In' is clicked on

19-05-2024T11:59:13 - [MESSAGE][PASSED] - Object: 'Object Repository/PetStore_Login/Page_JPetStore Demo/a_Sign In' is clicked on

19-05-2024T11:59:13 - [TEST_STEP][PASSED] - setText(findTestObject("Object Repository/PetStore_Login/Page_JPetStore Demo/input_Need a user name and password_username"), username): Text 'mohan1' is set on object 'Object Repository/PetStore_Login/Page_JPetStore Demo/input_Need a user name and password_username'

19-05-2024T11:59:14 - [MESSAGE][PASSED] - Text 'mohan1' is set on object 'Object Repository/PetStore_Login/Page_JPetStore Demo/input_Need a user name and password_username'

19-05-2024T11:59:14 - [TEST_STEP][PASSED] - setText(findTestObject("Object Repository/PetStore_Login/Page_JPetStore Demo/input_Need a user name and password_password"), password): Text 'mohan1' is set on object 'Object Repository/PetStore_Login/Page_JPetStore Demo/input_Need a user name and password_password'

19-05-2024T11:59:15 - [MESSAGE][PASSED] - Text 'mohan1' is set on object 'Object Repository/PetStore_Login/Page_JPetStore Demo/input_Need a user name and password_password'

19-05-2024T11:59:15 - [TEST_STEP][PASSED] - println($username - $password): null

19-05-2024T11:59:15 - [TEST_STEP][PASSED] - verifyElementPresent(findTestObject("Object Repository/PetStore_Login/Page_JPetStore Demo/input_Need a user name and password_signon"), 0): Object 'Object Repository/PetStore_Login/Page_JPetStore Demo/input_Need a user name and password_signon' is present

19-05-2024T11:59:15 - [MESSAGE][WARNING] - Timeout '0' is invalid. Using default page load timeout: '30'

19-05-2024T11:59:15 - [MESSAGE][PASSED] - Object 'Object Repository/PetStore_Login/Page_JPetStore Demo/input_Need a user name and password_signon' is present

19-05-2024T11:59:15 - [TEST_STEP][PASSED] - click(findTestObject("Object Repository/PetStore_Login/Page_JPetStore Demo/input_Need a user name and password_signon")): Object: 'Object Repository/PetStore_Login/Page_JPetStore Demo/input_Need a user name and password_signon' is clicked on

19-05-2024T11:59:16 - [MESSAGE][PASSED] - Object: 'Object Repository/PetStore_Login/Page_JPetStore Demo/input_Need a user name and password_signon' is clicked on

19-05-2024T11:59:16 - [TEST_STEP][PASSED] - verifyElementPresent(findTestObject("Object Repository/PetStore_Login/Page_JPetStore Demo/a_Sign Out"), 0): Object 'Object Repository/PetStore_Login/Page_JPetStore Demo/a_Sign Out' is present

19-05-2024T11:59:16 - [MESSAGE][WARNING] - Timeout '0' is invalid. Using default page load timeout: '30'

19-05-2024T11:59:17 - [MESSAGE][PASSED] - Object 'Object Repository/PetStore_Login/Page_JPetStore Demo/a_Sign Out' is present

19-05-2024T11:59:17 - [TEST_STEP][PASSED] - click(findTestObject("Object Repository/PetStore_Login/Page_JPetStore Demo/a_Sign Out")): Object: 'Object Repository/PetStore_Login/Page_JPetStore Demo/a_Sign Out' is clicked on

19-05-2024T11:59:17 - [MESSAGE][PASSED] - Object: 'Object Repository/PetStore_Login/Page_JPetStore Demo/a_Sign Out' is clicked on

19-05-2024T11:59:17 - [TEST_STEP][PASSED] - closeBrowser(): Browser is closed

19-05-2024T11:59:18 - [MESSAGE][PASSED] - Browser is closed]]></system-out>
         <system-err><![CDATA[]]></system-err>
      </testcase>
      <testcase name="Test Cases/PetStore_Login" time="8.628" classname="Test Cases/PetStore_Login" status="PASSED">
         <system-out><![CDATA[19-05-2024T11:59:18 - [TEST_CASE][PASSED] - Test Cases/PetStore_Login: Test Cases/PetStore_Login

19-05-2024T11:59:18 - [TEST_STEP][PASSED] - openBrowser(""): Browser is opened with url: ''

19-05-2024T11:59:18 - [MESSAGE][INFO] - Starting 'Chrome' driver

19-05-2024T11:59:18 - [MESSAGE][INFO] - Action delay is set to 0 milliseconds

19-05-2024T11:59:19 - [MESSAGE][PASSED] - Browser is opened with url: ''

19-05-2024T11:59:19 - [TEST_STEP][PASSED] - navigateToUrl("https://petstore.octoperf.com/"): Navigate to 'https://petstore.octoperf.com/' successfully

19-05-2024T11:59:19 - [MESSAGE][PASSED] - Navigate to 'https://petstore.octoperf.com/' successfully

19-05-2024T11:59:19 - [TEST_STEP][PASSED] - verifyElementText(findTestObject("Object Repository/Page_JPetStore Demo/h2_Welcome to JPetStore 6"), "Welcome to JPetStore 6"): Actual text and expected text of test object 'Object Repository/Page_JPetStore Demo/h2_Welcome to JPetStore 6' are matched.

19-05-2024T11:59:20 - [MESSAGE][PASSED] - Actual text and expected text of test object 'Object Repository/Page_JPetStore Demo/h2_Welcome to JPetStore 6' are matched.

19-05-2024T11:59:20 - [TEST_STEP][PASSED] - verifyElementPresent(findTestObject("Object Repository/PetStore_Login/Page_JPetStore Demo/a_Enter the Store"), 0): Object 'Object Repository/PetStore_Login/Page_JPetStore Demo/a_Enter the Store' is present

19-05-2024T11:59:20 - [MESSAGE][WARNING] - Timeout '0' is invalid. Using default page load timeout: '30'

19-05-2024T11:59:20 - [MESSAGE][PASSED] - Object 'Object Repository/PetStore_Login/Page_JPetStore Demo/a_Enter the Store' is present

19-05-2024T11:59:20 - [TEST_STEP][PASSED] - click(findTestObject("Object Repository/PetStore_Login/Page_JPetStore Demo/a_Enter the Store")): Object: 'Object Repository/PetStore_Login/Page_JPetStore Demo/a_Enter the Store' is clicked on

19-05-2024T11:59:22 - [MESSAGE][PASSED] - Object: 'Object Repository/PetStore_Login/Page_JPetStore Demo/a_Enter the Store' is clicked on

19-05-2024T11:59:22 - [TEST_STEP][PASSED] - verifyElementPresent(findTestObject("Object Repository/PetStore_Login/Page_JPetStore Demo/a_Sign In"), 0): Object 'Object Repository/PetStore_Login/Page_JPetStore Demo/a_Sign In' is present

19-05-2024T11:59:22 - [MESSAGE][WARNING] - Timeout '0' is invalid. Using default page load timeout: '30'

19-05-2024T11:59:22 - [MESSAGE][PASSED] - Object 'Object Repository/PetStore_Login/Page_JPetStore Demo/a_Sign In' is present

19-05-2024T11:59:22 - [TEST_STEP][PASSED] - click(findTestObject("Object Repository/PetStore_Login/Page_JPetStore Demo/a_Sign In")): Object: 'Object Repository/PetStore_Login/Page_JPetStore Demo/a_Sign In' is clicked on

19-05-2024T11:59:23 - [MESSAGE][PASSED] - Object: 'Object Repository/PetStore_Login/Page_JPetStore Demo/a_Sign In' is clicked on

19-05-2024T11:59:23 - [TEST_STEP][PASSED] - setText(findTestObject("Object Repository/PetStore_Login/Page_JPetStore Demo/input_Need a user name and password_username"), username): Text 'mohan2' is set on object 'Object Repository/PetStore_Login/Page_JPetStore Demo/input_Need a user name and password_username'

19-05-2024T11:59:23 - [MESSAGE][PASSED] - Text 'mohan2' is set on object 'Object Repository/PetStore_Login/Page_JPetStore Demo/input_Need a user name and password_username'

19-05-2024T11:59:23 - [TEST_STEP][PASSED] - setText(findTestObject("Object Repository/PetStore_Login/Page_JPetStore Demo/input_Need a user name and password_password"), password): Text 'mohan2' is set on object 'Object Repository/PetStore_Login/Page_JPetStore Demo/input_Need a user name and password_password'

19-05-2024T11:59:24 - [MESSAGE][PASSED] - Text 'mohan2' is set on object 'Object Repository/PetStore_Login/Page_JPetStore Demo/input_Need a user name and password_password'

19-05-2024T11:59:24 - [TEST_STEP][PASSED] - println($username - $password): null

19-05-2024T11:59:24 - [TEST_STEP][PASSED] - verifyElementPresent(findTestObject("Object Repository/PetStore_Login/Page_JPetStore Demo/input_Need a user name and password_signon"), 0): Object 'Object Repository/PetStore_Login/Page_JPetStore Demo/input_Need a user name and password_signon' is present

19-05-2024T11:59:24 - [MESSAGE][WARNING] - Timeout '0' is invalid. Using default page load timeout: '30'

19-05-2024T11:59:24 - [MESSAGE][PASSED] - Object 'Object Repository/PetStore_Login/Page_JPetStore Demo/input_Need a user name and password_signon' is present

19-05-2024T11:59:24 - [TEST_STEP][PASSED] - click(findTestObject("Object Repository/PetStore_Login/Page_JPetStore Demo/input_Need a user name and password_signon")): Object: 'Object Repository/PetStore_Login/Page_JPetStore Demo/input_Need a user name and password_signon' is clicked on

19-05-2024T11:59:25 - [MESSAGE][PASSED] - Object: 'Object Repository/PetStore_Login/Page_JPetStore Demo/input_Need a user name and password_signon' is clicked on

19-05-2024T11:59:25 - [TEST_STEP][PASSED] - verifyElementPresent(findTestObject("Object Repository/PetStore_Login/Page_JPetStore Demo/a_Sign Out"), 0): Object 'Object Repository/PetStore_Login/Page_JPetStore Demo/a_Sign Out' is present

19-05-2024T11:59:25 - [MESSAGE][WARNING] - Timeout '0' is invalid. Using default page load timeout: '30'

19-05-2024T11:59:25 - [MESSAGE][PASSED] - Object 'Object Repository/PetStore_Login/Page_JPetStore Demo/a_Sign Out' is present

19-05-2024T11:59:25 - [TEST_STEP][PASSED] - click(findTestObject("Object Repository/PetStore_Login/Page_JPetStore Demo/a_Sign Out")): Object: 'Object Repository/PetStore_Login/Page_JPetStore Demo/a_Sign Out' is clicked on

19-05-2024T11:59:26 - [MESSAGE][PASSED] - Object: 'Object Repository/PetStore_Login/Page_JPetStore Demo/a_Sign Out' is clicked on

19-05-2024T11:59:26 - [TEST_STEP][PASSED] - closeBrowser(): Browser is closed

19-05-2024T11:59:26 - [MESSAGE][PASSED] - Browser is closed]]></system-out>
         <system-err><![CDATA[]]></system-err>
      </testcase>
      <testcase name="Test Cases/PetStore_Login" time="8.022" classname="Test Cases/PetStore_Login" status="PASSED">
         <system-out><![CDATA[19-05-2024T11:59:26 - [TEST_CASE][PASSED] - Test Cases/PetStore_Login: Test Cases/PetStore_Login

19-05-2024T11:59:26 - [TEST_STEP][PASSED] - openBrowser(""): Browser is opened with url: ''

19-05-2024T11:59:26 - [MESSAGE][INFO] - Starting 'Chrome' driver

19-05-2024T11:59:26 - [MESSAGE][INFO] - Action delay is set to 0 milliseconds

19-05-2024T11:59:27 - [MESSAGE][PASSED] - Browser is opened with url: ''

19-05-2024T11:59:27 - [TEST_STEP][PASSED] - navigateToUrl("https://petstore.octoperf.com/"): Navigate to 'https://petstore.octoperf.com/' successfully

19-05-2024T11:59:28 - [MESSAGE][PASSED] - Navigate to 'https://petstore.octoperf.com/' successfully

19-05-2024T11:59:28 - [TEST_STEP][PASSED] - verifyElementText(findTestObject("Object Repository/Page_JPetStore Demo/h2_Welcome to JPetStore 6"), "Welcome to JPetStore 6"): Actual text and expected text of test object 'Object Repository/Page_JPetStore Demo/h2_Welcome to JPetStore 6' are matched.

19-05-2024T11:59:28 - [MESSAGE][PASSED] - Actual text and expected text of test object 'Object Repository/Page_JPetStore Demo/h2_Welcome to JPetStore 6' are matched.

19-05-2024T11:59:28 - [TEST_STEP][PASSED] - verifyElementPresent(findTestObject("Object Repository/PetStore_Login/Page_JPetStore Demo/a_Enter the Store"), 0): Object 'Object Repository/PetStore_Login/Page_JPetStore Demo/a_Enter the Store' is present

19-05-2024T11:59:28 - [MESSAGE][WARNING] - Timeout '0' is invalid. Using default page load timeout: '30'

19-05-2024T11:59:29 - [MESSAGE][PASSED] - Object 'Object Repository/PetStore_Login/Page_JPetStore Demo/a_Enter the Store' is present

19-05-2024T11:59:29 - [TEST_STEP][PASSED] - click(findTestObject("Object Repository/PetStore_Login/Page_JPetStore Demo/a_Enter the Store")): Object: 'Object Repository/PetStore_Login/Page_JPetStore Demo/a_Enter the Store' is clicked on

19-05-2024T11:59:30 - [MESSAGE][PASSED] - Object: 'Object Repository/PetStore_Login/Page_JPetStore Demo/a_Enter the Store' is clicked on

19-05-2024T11:59:30 - [TEST_STEP][PASSED] - verifyElementPresent(findTestObject("Object Repository/PetStore_Login/Page_JPetStore Demo/a_Sign In"), 0): Object 'Object Repository/PetStore_Login/Page_JPetStore Demo/a_Sign In' is present

19-05-2024T11:59:30 - [MESSAGE][WARNING] - Timeout '0' is invalid. Using default page load timeout: '30'

19-05-2024T11:59:30 - [MESSAGE][PASSED] - Object 'Object Repository/PetStore_Login/Page_JPetStore Demo/a_Sign In' is present

19-05-2024T11:59:30 - [TEST_STEP][PASSED] - click(findTestObject("Object Repository/PetStore_Login/Page_JPetStore Demo/a_Sign In")): Object: 'Object Repository/PetStore_Login/Page_JPetStore Demo/a_Sign In' is clicked on

19-05-2024T11:59:31 - [MESSAGE][PASSED] - Object: 'Object Repository/PetStore_Login/Page_JPetStore Demo/a_Sign In' is clicked on

19-05-2024T11:59:31 - [TEST_STEP][PASSED] - setText(findTestObject("Object Repository/PetStore_Login/Page_JPetStore Demo/input_Need a user name and password_username"), username): Text 'mohan3' is set on object 'Object Repository/PetStore_Login/Page_JPetStore Demo/input_Need a user name and password_username'

19-05-2024T11:59:31 - [MESSAGE][PASSED] - Text 'mohan3' is set on object 'Object Repository/PetStore_Login/Page_JPetStore Demo/input_Need a user name and password_username'

19-05-2024T11:59:31 - [TEST_STEP][PASSED] - setText(findTestObject("Object Repository/PetStore_Login/Page_JPetStore Demo/input_Need a user name and password_password"), password): Text 'mohan3' is set on object 'Object Repository/PetStore_Login/Page_JPetStore Demo/input_Need a user name and password_password'

19-05-2024T11:59:32 - [MESSAGE][PASSED] - Text 'mohan3' is set on object 'Object Repository/PetStore_Login/Page_JPetStore Demo/input_Need a user name and password_password'

19-05-2024T11:59:32 - [TEST_STEP][PASSED] - println($username - $password): null

19-05-2024T11:59:32 - [TEST_STEP][PASSED] - verifyElementPresent(findTestObject("Object Repository/PetStore_Login/Page_JPetStore Demo/input_Need a user name and password_signon"), 0): Object 'Object Repository/PetStore_Login/Page_JPetStore Demo/input_Need a user name and password_signon' is present

19-05-2024T11:59:32 - [MESSAGE][WARNING] - Timeout '0' is invalid. Using default page load timeout: '30'

19-05-2024T11:59:32 - [MESSAGE][PASSED] - Object 'Object Repository/PetStore_Login/Page_JPetStore Demo/input_Need a user name and password_signon' is present

19-05-2024T11:59:32 - [TEST_STEP][PASSED] - click(findTestObject("Object Repository/PetStore_Login/Page_JPetStore Demo/input_Need a user name and password_signon")): Object: 'Object Repository/PetStore_Login/Page_JPetStore Demo/input_Need a user name and password_signon' is clicked on

19-05-2024T11:59:33 - [MESSAGE][PASSED] - Object: 'Object Repository/PetStore_Login/Page_JPetStore Demo/input_Need a user name and password_signon' is clicked on

19-05-2024T11:59:33 - [TEST_STEP][PASSED] - verifyElementPresent(findTestObject("Object Repository/PetStore_Login/Page_JPetStore Demo/a_Sign Out"), 0): Object 'Object Repository/PetStore_Login/Page_JPetStore Demo/a_Sign Out' is present

19-05-2024T11:59:33 - [MESSAGE][WARNING] - Timeout '0' is invalid. Using default page load timeout: '30'

19-05-2024T11:59:33 - [MESSAGE][PASSED] - Object 'Object Repository/PetStore_Login/Page_JPetStore Demo/a_Sign Out' is present

19-05-2024T11:59:33 - [TEST_STEP][PASSED] - click(findTestObject("Object Repository/PetStore_Login/Page_JPetStore Demo/a_Sign Out")): Object: 'Object Repository/PetStore_Login/Page_JPetStore Demo/a_Sign Out' is clicked on

19-05-2024T11:59:34 - [MESSAGE][PASSED] - Object: 'Object Repository/PetStore_Login/Page_JPetStore Demo/a_Sign Out' is clicked on

19-05-2024T11:59:34 - [TEST_STEP][PASSED] - closeBrowser(): Browser is closed

19-05-2024T11:59:34 - [MESSAGE][PASSED] - Browser is closed]]></system-out>
         <system-err><![CDATA[]]></system-err>
      </testcase>
      <system-out><![CDATA[19-05-2024T11:59:07 - [TEST_SUITE][PASSED] - TS_PetStoreLogin: Test Cases/PetStore_Login]]></system-out>
      <system-err><![CDATA[]]></system-err>
   </testsuite>
</testsuites>
