<?xml version="1.0" encoding="UTF-8"?>
<testsuites name="TS_VisualTestingCheckpoint" time="7.357" tests="1" failures="0" errors="0">
   <testsuite name="TS_VisualTestingCheckpoint" tests="1" failures="0" errors="0" time="7.357" skipped="0" timestamp="26-05-2024T10:28:06" hostname="WINDOWS11 - Mohan" id="Test Suites/TS_VisualTestingCheckpoint">
      <properties>
         <property name="deviceName" value=""/>
         <property name="devicePlatform" value=""/>
         <property name="logFolder" value="C:\\Users\\WINDOWS11\\git\\katalonpracticecode\\Reports\\20240526_102802\\TS_VisualTestingCheckpoint\\20240526_102802"/>
         <property name="logFiles" value="C:\\Users\\WINDOWS11\\git\\katalonpracticecode\\Reports\\20240526_102802\\TS_VisualTestingCheckpoint\\20240526_102802\\execution0.log"/>
         <property name="attachments" value="keyes\keyes-homepage.png"/>
         <property name="hostName" value="WINDOWS11 - Mohan"/>
         <property name="os" value="Windows 11 64bit"/>
         <property name="katalonVersion" value="9.4.0.212"/>
         <property name="browser" value="Chrome 125.0.0.0"/>
         <property name="hostAddress" value="192.168.1.4"/>
         <property name="sessionId" value="48e4fb4d84c1549cbd6916e4b31c3d34"/>
         <property name="seleniumVersion" value="3.141.59"/>
         <property name="proxyInformation" value="ProxyInformation { proxyOption=NO_PROXY, proxyServerType=HTTP, username=, password=********, proxyServerAddress=, proxyServerPort=0, executionList=&quot;&quot;, isApplyToDesiredCapabilities=true }"/>
         <property name="platform" value="Windows 11"/>
      </properties>
      <testcase name="Test Cases/VisualTestingTestcase" time="7.08" classname="Test Cases/VisualTestingTestcase" status="PASSED">
         <system-out><![CDATA[26-05-2024T10:28:06 - [TEST_CASE][PASSED] - Test Cases/VisualTestingTestcase: Test Cases/VisualTestingTestcase

26-05-2024T10:28:06 - [TEST_STEP][PASSED] - openBrowser(""): Browser is opened with url: ''

26-05-2024T10:28:07 - [MESSAGE][INFO] - Starting 'Chrome' driver

26-05-2024T10:28:07 - [MESSAGE][INFO] - Action delay is set to 0 milliseconds

26-05-2024T10:28:08 - [MESSAGE][PASSED] - Browser is opened with url: ''

26-05-2024T10:28:08 - [TEST_STEP][PASSED] - navigateToUrl("https://petstore.octoperf.com/actions/Catalog.action"): Navigate to 'https://petstore.octoperf.com/actions/Catalog.action' successfully

26-05-2024T10:28:09 - [MESSAGE][PASSED] - Navigate to 'https://petstore.octoperf.com/actions/Catalog.action' successfully

26-05-2024T10:28:09 - [TEST_STEP][PASSED] - takeScreenshotAsCheckpoint("homepage"): Taking screenshot successfully

26-05-2024T10:28:10 - [MESSAGE][INFO] - 0 hidden object(s)

26-05-2024T10:28:10 - [MESSAGE][PASSED] - Taking screenshot successfully
[[ATTACHMENT|keyes\keyes-homepage.png]]

26-05-2024T10:28:10 - [TEST_STEP][PASSED] - setText(findTestObject("Object Repository/VisualTest/Page_JPetStore Demo/input__keyword"), "Fish"): Text 'Fish' is set on object 'Object Repository/VisualTest/Page_JPetStore Demo/input__keyword'

26-05-2024T10:28:11 - [MESSAGE][PASSED] - Text 'Fish' is set on object 'Object Repository/VisualTest/Page_JPetStore Demo/input__keyword'

26-05-2024T10:28:11 - [TEST_STEP][PASSED] - click(findTestObject("Object Repository/VisualTest/Page_JPetStore Demo/input__searchProducts")): Object: 'Object Repository/VisualTest/Page_JPetStore Demo/input__searchProducts' is clicked on

26-05-2024T10:28:12 - [MESSAGE][PASSED] - Object: 'Object Repository/VisualTest/Page_JPetStore Demo/input__searchProducts' is clicked on

26-05-2024T10:28:12 - [TEST_STEP][PASSED] - click(findTestObject("Object Repository/VisualTest/Page_JPetStore Demo/a_Return to Main Menu")): Object: 'Object Repository/VisualTest/Page_JPetStore Demo/a_Return to Main Menu' is clicked on

26-05-2024T10:28:13 - [MESSAGE][PASSED] - Object: 'Object Repository/VisualTest/Page_JPetStore Demo/a_Return to Main Menu' is clicked on

26-05-2024T10:28:13 - [TEST_STEP][PASSED] - closeBrowser(): Browser is closed

26-05-2024T10:28:13 - [MESSAGE][PASSED] - Browser is closed]]></system-out>
         <system-err><![CDATA[]]></system-err>
      </testcase>
      <system-out><![CDATA[26-05-2024T10:28:06 - [TEST_SUITE][PASSED] - TS_VisualTestingCheckpoint: Test Cases/VisualTestingTestcase]]></system-out>
      <system-err><![CDATA[]]></system-err>
   </testsuite>
</testsuites>
